<?xml version="1.0" encoding="UTF-8"?>
<!-- Generated by org.testng.reporters.JUnitReportReporter -->
<testsuite hostname="LAPTOP-GG5LC0BQ" failures="0" tests="1" name="QualityKioskTraining.CalculatorOperation.Subtraction" time="0.010" errors="0" timestamp="2021-04-25T18:10:23 IST" skipped="0">
  <testcase classname="QualityKioskTraining.CalculatorOperation.Subtraction" name="subtractionWithPositiveNumber" time="0.010"/>
  <system-out/>
</testsuite> <!-- QualityKioskTraining.CalculatorOperation.Subtraction -->
