<?xml version="1.0" encoding="UTF-8"?>
<!-- Generated by org.testng.reporters.JUnitReportReporter -->
<testsuite hostname="LAPTOP-GG5LC0BQ" failures="0" tests="1" name="QualityKioskTraining.CalculatorOperation.Multiplication" time="0.006" errors="0" timestamp="2021-04-25T18:10:23 IST" skipped="0">
  <testcase classname="QualityKioskTraining.CalculatorOperation.Multiplication" name="multiplicationWithPositiveNumber" time="0.006"/>
  <system-out/>
</testsuite> <!-- QualityKioskTraining.CalculatorOperation.Multiplication -->
