<?xml version="1.0" encoding="UTF-8"?>
<!-- Generated by org.testng.reporters.JUnitReportReporter -->
<testsuite hostname="LAPTOP-GG5LC0BQ" failures="0" tests="2" name="QualityKioskTraining.CalculatorOperation.Addition" time="0.007" errors="0" timestamp="2021-04-25T18:09:42 IST" skipped="0">
  <testcase classname="QualityKioskTraining.CalculatorOperation.Addition" name="additionWithPositiveNumber" time="0.000"/>
  <system-out/>
  <testcase classname="QualityKioskTraining.CalculatorOperation.Addition" name="additionWithNegativeNumber" time="0.007"/>
  <system-out/>
</testsuite> <!-- QualityKioskTraining.CalculatorOperation.Addition -->
